<?xml version="1.0" encoding="UTF-8"?>
<!-- Generated by org.testng.reporters.JUnitReportReporter -->
<testsuite hostname="DESKTOP-6SV48BV" failures="0" tests="1" name="TestScripts.demosklrry1" time="50.870" errors="0" timestamp="2022-11-04T22:16:41 IST" skipped="0">
  <testcase classname="TestScripts.demosklrry1" name="tc1" time="50.870"/>
  <system-out/>
</testsuite> <!-- TestScripts.demosklrry1 -->
